<?xml version="1.0" encoding="UTF-8"?>
<!-- Generated by org.testng.reporters.JUnitReportReporter -->
<testsuite hostname="Vietnam-4636" failures="0" tests="4" name="testpackage.orangeHRM" time="39.710" errors="0" timestamp="2023-05-17T14:28:20 ICT" skipped="0">
  <testcase classname="testpackage.orangeHRM" name="TestNav" time="35.203"/>
  <system-out/>
  <testcase classname="testpackage.orangeHRM" name="TestLogin" time="2.181"/>
  <system-out/>
  <testcase classname="testpackage.orangeHRM" name="TestGetUsername" time="0.414"/>
  <system-out/>
  <testcase classname="testpackage.orangeHRM" name="TestNavtoAdmin" time="1.912"/>
  <system-out/>
</testsuite> <!-- testpackage.orangeHRM -->
