<?xml version="1.0" encoding="UTF-8"?>
<!-- Generated by org.testng.reporters.JUnitReportReporter -->
<testsuite hostname="Vietnam-4636" failures="0" tests="1" name="testpackage.GetAccountNameTest" time="38.188" errors="0" timestamp="2023-05-23T15:40:21 ICT" skipped="0">
  <testcase classname="testpackage.GetAccountNameTest" name="getAccountName" time="38.188"/>
  <system-out/>
</testsuite> <!-- testpackage.GetAccountNameTest -->
