<?xml version="1.0" encoding="UTF-8"?>
<!-- Generated by org.testng.reporters.JUnitReportReporter -->
<testsuite hostname="Vietnam-4636" failures="0" tests="1" name="testpackage.LoginTest" time="83.335" errors="0" timestamp="2023-05-23T11:49:49 ICT" skipped="0">
  <testcase classname="testpackage.LoginTest" name="testLoginWithAdminAccount" time="83.335"/>
  <system-out/>
</testsuite> <!-- testpackage.LoginTest -->
