<?xml version="1.0" encoding="UTF-8"?>
<!-- Generated by org.testng.reporters.JUnitReportReporter -->
<testsuite hostname="Vietnam-4636" failures="0" tests="1" name="testpackage.NavToOrangeHRM" time="78.209" errors="0" timestamp="2023-05-23T11:04:12 ICT" skipped="0">
  <testcase classname="testpackage.NavToOrangeHRM" name="testOpenBrowserAndNavigate" time="78.209"/>
  <system-out/>
</testsuite> <!-- testpackage.NavToOrangeHRM -->
