<?xml version="1.0" encoding="UTF-8"?>
<!-- Generated by org.testng.reporters.JUnitReportReporter -->
<testsuite hostname="Vietnam-4636" failures="0" tests="4" name="testpackage.orangeHRM" time="11.470" errors="0" timestamp="2023-05-17T16:44:30 ICT" skipped="0">
  <testcase classname="testpackage.orangeHRM" name="TestNav" time="6.837"/>
  <system-out/>
  <testcase classname="testpackage.orangeHRM" name="TestLogin" time="2.111"/>
  <system-out/>
  <testcase classname="testpackage.orangeHRM" name="TestGetUsername" time="0.404"/>
  <system-out/>
  <testcase classname="testpackage.orangeHRM" name="TestNavtoAdmin" time="2.118"/>
  <system-out/>
</testsuite> <!-- testpackage.orangeHRM -->
