<?xml version="1.0" encoding="UTF-8"?>
<!-- Generated by org.testng.reporters.JUnitReportReporter -->
<testsuite hostname="Vietnam-4636" failures="0" tests="4" name="testpackage.orangeHRM" time="38.383" errors="0" timestamp="2023-05-16T18:01:06 ICT" skipped="0">
  <testcase classname="testpackage.orangeHRM" name="TestNav" time="34.469"/>
  <system-out/>
  <testcase classname="testpackage.orangeHRM" name="TestLogin" time="1.779"/>
  <system-out/>
  <testcase classname="testpackage.orangeHRM" name="TestGetUsername" time="0.379"/>
  <system-out/>
  <testcase classname="testpackage.orangeHRM" name="TestNavtoAdmin" time="1.756"/>
  <system-out/>
</testsuite> <!-- testpackage.orangeHRM -->
