<?xml version="1.0" encoding="UTF-8"?>
<!-- Generated by org.testng.reporters.JUnitReportReporter -->
<testsuite hostname="Vietnam-4636" failures="0" tests="1" name="testpackage.LoginPageTest" time="39.994" errors="0" timestamp="2023-05-23T15:27:11 ICT" skipped="0">
  <testcase classname="testpackage.LoginPageTest" name="testLoginWithAccount" time="39.994"/>
  <system-out/>
</testsuite> <!-- testpackage.LoginPageTest -->
