<?xml version="1.0" encoding="UTF-8"?>
<!-- Generated by org.testng.reporters.JUnitReportReporter -->
<testsuite hostname="Vietnam-4636" failures="0" tests="1" name="testpackage.NewTest" time="0.014" errors="0" timestamp="2023-05-16T17:27:07 ICT" skipped="0">
  <testcase classname="testpackage.NewTest" name="Test" time="0.014"/>
  <system-out/>
</testsuite> <!-- testpackage.NewTest -->
